<?xml version="1.0" encoding="UTF-8"?>
<!-- Generated by org.testng.reporters.JUnitXMLReporter -->
<testsuite hostname="cvfdev" name="Default test" tests="4" failures="0" timestamp="19 May 2016 20:32:47 GMT" time="0.072" errors="0">
  <testcase name="testLastCellOfRow" time="0.034" classname="com.thalesgroup.services.cte.lis.dojo.Story1Test"/>
  <testcase name="testLastCellOfSquare" time="0.007" classname="com.thalesgroup.services.cte.lis.dojo.Story2Test"/>
  <testcase name="testLastCellOfRow" time="0.007" classname="com.thalesgroup.services.cte.lis.dojo.Story3Test"/>
  <testcase name="testLastPossibleValueOfCell" time="0.006" classname="com.thalesgroup.services.cte.lis.dojo.Story4Test"/>
</testsuite> <!-- Default test -->
