<?xml version="1.0" encoding="UTF-8"?>
<!-- Generated by org.testng.reporters.JUnitXMLReporter -->
<testsuite hostname="cvfdev" name="Default test(failed)" tests="1" failures="1" timestamp="19 May 2016 21:46:27 GMT" time="0.017" errors="0">
  <testcase name="testGroupsOfTwoWithTwoPossibleValues" time="0.014" classname="com.thalesgroup.services.cte.lis.dojo.Story5Test">
    <failure type="java.security.InvalidParameterException" message="No more possible value for cell &amp;apos;(row=5,col=9)&amp;apos; while removing last value &amp;apos;1&amp;apos;)  !!!">
      <![CDATA[java.security.InvalidParameterException: No more possible value for cell '(row=5,col=9)' while removing last value '1')  !!!
	at com.thalesgroup.services.cte.lis.dojo.Cell.removeImpossibleValue(Cell.java:34)
	at com.thalesgroup.services.cte.lis.dojo.Cell.removeImpossibleValues(Cell.java:107)
	at com.thalesgroup.services.cte.lis.dojo.NineCells.twoGroupsValuesPairLock(NineCells.java:46)
	at com.thalesgroup.services.cte.lis.dojo.Grid.twoGroupsValuesPairLock(Grid.java:80)
	at com.thalesgroup.services.cte.lis.dojo.Sudoku.solve(Sudoku.java:16)
	at com.thalesgroup.services.cte.lis.dojo.SudokuTest$SolvedProblem.<init>(SudokuTest.java:50)
	at com.thalesgroup.services.cte.lis.dojo.Story5Test.testGroupsOfTwoWithTwoPossibleValues(Story5Test.java:15)
... Removed 24 stack frames]]>
    </failure>
  </testcase> <!-- testGroupsOfTwoWithTwoPossibleValues -->
</testsuite> <!-- Default test(failed) -->
