<?xml version="1.0" encoding="UTF-8"?>
<!-- Generated by org.testng.reporters.JUnitXMLReporter -->
<testsuite hostname="cvfdev" name="Default test(failed)" tests="1" failures="1" timestamp="20 May 2016 07:27:45 GMT" time="0.024" errors="0">
  <testcase name="RealGrid2" time="0.02" classname="com.thalesgroup.services.cte.lis.dojo.RealGridsTest">
    <failure type="java.lang.AssertionError" message="Could not solve the grid ! 53 cells still remaining to sove.">
      <![CDATA[java.lang.AssertionError: Could not solve the grid ! 53 cells still remaining to sove.
	at com.thalesgroup.services.cte.lis.dojo.SudokuTest$SolvedProblem.shallBeSolved(SudokuTest.java:64)
	at com.thalesgroup.services.cte.lis.dojo.RealGridsTest.RealGrid2(RealGridsTest.java:55)
... Removed 25 stack frames]]>
    </failure>
  </testcase> <!-- RealGrid2 -->
</testsuite> <!-- Default test(failed) -->
