<?xml version="1.0" encoding="UTF-8"?>
<!-- Generated by org.testng.reporters.JUnitXMLReporter -->
<testsuite hostname="cvfdev" name="Default test" tests="10" failures="1" timestamp="20 May 2016 07:27:45 GMT" time="0.842" errors="0">
  <testcase name="testLastCellOfRow" time="0.224" classname="com.thalesgroup.services.cte.lis.dojo.Story1Test"/>
  <testcase name="testGroupsOfTwoWithTwoPossibleValues" time="0.067" classname="com.thalesgroup.services.cte.lis.dojo.Story5Test"/>
  <testcase name="testLastCellOfColumn" time="0.051" classname="com.thalesgroup.services.cte.lis.dojo.Story2Test"/>
  <testcase name="testGroupsOfNWithNPossibleValues" time="0.049" classname="com.thalesgroup.services.cte.lis.dojo.Story6Test"/>
  <testcase name="testThis" time="0.001" classname="com.thalesgroup.services.cte.lis.dojo.Story6Test"/>
  <testcase name="testLastCellOfRow" time="0.165" classname="com.thalesgroup.services.cte.lis.dojo.Story3Test"/>
  <testcase name="testLastPossibleValueOfCell" time="0.087" classname="com.thalesgroup.services.cte.lis.dojo.Story4Test"/>
  <testcase name="EmptyGrid" time="0.049" classname="com.thalesgroup.services.cte.lis.dojo.RealGridsTest"/>
  <testcase name="RealGrid1" time="0.053" classname="com.thalesgroup.services.cte.lis.dojo.RealGridsTest"/>
  <testcase name="RealGrid2" time="0.054" classname="com.thalesgroup.services.cte.lis.dojo.RealGridsTest">
    <failure type="java.lang.AssertionError" message="Could not solve the grid ! 53 cells still remaining to sove.">
      <![CDATA[java.lang.AssertionError: Could not solve the grid ! 53 cells still remaining to sove.
	at com.thalesgroup.services.cte.lis.dojo.SudokuTest$SolvedProblem.shallBeSolved(SudokuTest.java:64)
	at com.thalesgroup.services.cte.lis.dojo.RealGridsTest.RealGrid2(RealGridsTest.java:55)
... Removed 25 stack frames]]>
    </failure>
  </testcase> <!-- RealGrid2 -->
</testsuite> <!-- Default test -->
