<?xml version="1.0" encoding="UTF-8"?>
<!-- Generated by org.testng.reporters.JUnitXMLReporter -->
<testsuite hostname="cvfdev" name="Default test" tests="3" failures="1" timestamp="19 May 2016 22:26:00 GMT" time="0.11" errors="0">
  <testcase name="EmptyGrid" time="0.044" classname="com.thalesgroup.services.cte.lis.dojo.RealGridsTest"/>
  <testcase name="RealGrid1" time="0.04" classname="com.thalesgroup.services.cte.lis.dojo.RealGridsTest"/>
  <testcase name="RealGrid2" time="0.011" classname="com.thalesgroup.services.cte.lis.dojo.RealGridsTest">
    <failure type="java.lang.AssertionError" message="Could not solve the grid ! 53 cells still remaining to sove.">
      <![CDATA[java.lang.AssertionError: Could not solve the grid ! 53 cells still remaining to sove.
	at com.thalesgroup.services.cte.lis.dojo.SudokuTest$SolvedProblem.shallBeSolved(SudokuTest.java:64)
	at com.thalesgroup.services.cte.lis.dojo.RealGridsTest.RealGrid2(RealGridsTest.java:55)
... Removed 25 stack frames]]>
    </failure>
  </testcase> <!-- RealGrid2 -->
</testsuite> <!-- Default test -->
